<?xml version="1.0" encoding="UTF-8"?>
<testng-results ignored="0" total="4" passed="4" failed="0" skipped="0">
  <reporter-output>
  </reporter-output>
  <suite started-at="2023-10-29T11:43:32 IST" name="Default suite" finished-at="2023-10-29T11:43:36 IST" duration-ms="4387">
    <groups>
    </groups>
    <test started-at="2023-10-29T11:43:32 IST" name="Default test" finished-at="2023-10-29T11:43:36 IST" duration-ms="4387">
      <class name="org.rest.com.HeadersMethodTest">
        <test-method signature="test01()[pri:0, instance:org.rest.com.HeadersMethodTest@6cd28fa7]" started-at="2023-10-29T11:43:32 IST" name="test01" finished-at="2023-10-29T11:43:34 IST" duration-ms="2679" status="PASS">
          <reporter-output>
          </reporter-output>
        </test-method> <!-- test01 -->
        <test-method signature="test02()[pri:0, instance:org.rest.com.HeadersMethodTest@6cd28fa7]" started-at="2023-10-29T11:43:34 IST" name="test02" finished-at="2023-10-29T11:43:35 IST" duration-ms="526" status="PASS">
          <reporter-output>
          </reporter-output>
        </test-method> <!-- test02 -->
        <test-method signature="test03()[pri:0, instance:org.rest.com.HeadersMethodTest@6cd28fa7]" started-at="2023-10-29T11:43:35 IST" name="test03" finished-at="2023-10-29T11:43:36 IST" duration-ms="717" status="PASS">
          <reporter-output>
          </reporter-output>
        </test-method> <!-- test03 -->
        <test-method signature="test04()[pri:0, instance:org.rest.com.HeadersMethodTest@6cd28fa7]" started-at="2023-10-29T11:43:36 IST" name="test04" finished-at="2023-10-29T11:43:36 IST" duration-ms="397" status="PASS">
          <reporter-output>
          </reporter-output>
        </test-method> <!-- test04 -->
      </class> <!-- org.rest.com.HeadersMethodTest -->
    </test> <!-- Default test -->
  </suite> <!-- Default suite -->
</testng-results>
