<?xml version="1.0" encoding="UTF-8"?>
<!-- Generated by org.testng.reporters.JUnitXMLReporter -->
<testsuite ignored="0" hostname="Ankit" failures="0" tests="4" name="Default test" time="4.387" errors="0" timestamp="2023-10-29T11:43:36 IST">
  <testcase classname="org.rest.com.HeadersMethodTest" name="test01" time="2.679"/>
  <testcase classname="org.rest.com.HeadersMethodTest" name="test02" time="0.526"/>
  <testcase classname="org.rest.com.HeadersMethodTest" name="test03" time="0.717"/>
  <testcase classname="org.rest.com.HeadersMethodTest" name="test04" time="0.397"/>
</testsuite> <!-- Default test -->
